[22/Feb/2015 20:16:14] INFO [sodata.views:204] {"message": "GET resource", "resource": {"url": null, "id": 1270, "title": "Acorn Academy App"}}
[22/Feb/2015 20:17:29] INFO [sodata.views:204] {"message": "GET resource", "resource": {"url": null, "id": 1270, "title": "Acorn Academy App"}}
[22/Feb/2015 20:17:45] INFO [sodata.views:204] {"message": "GET resource", "resource": {"url": null, "id": 1270, "title": "Acorn Academy App"}}
[22/Feb/2015 20:20:55] INFO [sodata.views:204] {"message": "GET resource", "resource": {"url": "http://chapterthree.com/blog/ruby-rvm-gemsets-and-bundlergemfiles", "id": 1274, "title": "RVM, bundler"}}
[22/Feb/2015 20:21:43] INFO [sodata.views:204] {"message": "GET resource", "resource": {"url": "http://chapterthree.com/blog/ruby-rvm-gemsets-and-bundlergemfiles", "id": 1274, "title": "RVM, bundler"}, "user": {"_setupfunc": {}, "_wrapped": {"username": "newuser", "id": 3}}}
[22/Feb/2015 20:26:30] INFO [sodata.views:206] {"message": "GET resource", "resource": {"url": "http://chapterthree.com/blog/ruby-rvm-gemsets-and-bundlergemfiles", "id": 1274, "title": "RVM, bundler"}, "user": {"_setupfunc": {}, "_wrapped": {"username": "newuser", "id": 3}}}
[22/Feb/2015 20:28:53] INFO [sodata.views:206] {"message": "GET resource", "resource": {"url": "http://chapterthree.com/blog/ruby-rvm-gemsets-and-bundlergemfiles", "id": 1274, "title": "RVM, bundler"}, "user": {"_setupfunc": {}, "_wrapped": {"username": "newuser", "id": 3}}}
[22/Feb/2015 20:29:50] INFO [sodata.views:204] {"message": "GET resource", "resource": {"url": "http://chapterthree.com/blog/ruby-rvm-gemsets-and-bundlergemfiles", "id": 1274, "title": "RVM, bundler"}, "user": {"username": "newuser", "id": 3}}
[22/Feb/2015 20:30:24] INFO [sodata.views:204] {"message": "GET resource", "resource": {"url": null, "id": 1266, "title": "Home"}, "user": {"username": "newuser", "id": 3}}
[22/Feb/2015 20:31:14] INFO [sodata.views:204] {"message": "GET resource", "resource": {"url": null, "id": 1270, "title": "Acorn Academy App"}, "user": {"username": "newuser", "id": 3}}
[22/Feb/2015 20:31:19] INFO [sodata.views:204] {"message": "GET resource", "resource": {"url": null, "id": 1270, "title": "Acorn Academy App"}, "user": {"username": "newuser", "id": 3}}
[22/Feb/2015 20:49:29] INFO [sodata.views:204] {"message": "GET resource", "resource": {"url": null, "id": 1266, "title": "Home"}, "user": {"username": "newuser", "id": 3}}
[22/Feb/2015 20:49:45] INFO [sodata.views:283] {"parent_resource": {"url": null, "id": 1266, "title": "Home"}, "message": "CREATE resource", "resource": {"url": null, "id": 1282, "title": "test create log"}, "user": {"username": "newuser", "id": 3}}
[22/Feb/2015 20:49:45] INFO [sodata.views:204] {"message": "GET resource", "resource": {"url": null, "id": 1266, "title": "Home"}, "user": {"username": "newuser", "id": 3}}
[22/Feb/2015 20:50:18] INFO [sodata.views:457] {"message": "CREATE relation", "relation": {"parent_resource": {"url": "http://en.wikipedia.org/wiki/Category:Photo software", "id": 774, "title": "Photo software"}, "child_resource": {"url": null, "id": 1282, "title": "test create log"}}, "user": {"username": "newuser", "id": 3}}
[22/Feb/2015 20:50:18] INFO [sodata.views:204] {"message": "GET resource", "resource": {"url": "http://en.wikipedia.org/wiki/Category:Photo software", "id": 774, "title": "Photo software"}, "user": {"username": "newuser", "id": 3}}
[22/Feb/2015 20:50:31] INFO [sodata.views:542] {"query": "photo software", "message": "Search resources", "user": {"username": "newuser", "id": 3}}
[22/Feb/2015 20:50:59] INFO [sodata.views:204] {"message": "GET resource", "resource": {"url": "http://en.wikipedia.org/wiki/Category:Photo software", "id": 774, "title": "Photo software"}, "user": {"username": "newuser", "id": 3}}
[22/Feb/2015 20:51:02] INFO [sodata.views:417] {"message": "DELETE resource", "resource": {"url": null, "id": 1282, "title": "test create log"}, "user": {"username": "newuser", "id": 3}}
[22/Feb/2015 20:51:02] INFO [sodata.views:204] {"message": "GET resource", "resource": {"url": "http://en.wikipedia.org/wiki/Category:Photo software", "id": 774, "title": "Photo software"}, "user": {"username": "newuser", "id": 3}}
[23/Feb/2015 00:03:40] INFO [sodata.views:204] {"message": "GET resource", "resource": {"url": null, "id": 1266, "title": "Home"}, "user": {"username": "newuser", "id": 3}}
[23/Feb/2015 01:31:00] INFO [sodata.views:204] {"message": "GET resource", "resource": {"url": null, "id": 1266, "title": "Home"}, "user": {"username": "newuser", "id": 3}}
[23/Feb/2015 01:31:26] INFO [sodata.views:204] {"message": "GET resource", "resource": {"url": null, "id": 1266, "title": "Home"}, "user": {"username": "newuser", "id": 3}}
[23/Feb/2015 01:32:47] INFO [sodata.views:204] {"message": "GET resource", "resource": {"url": null, "id": 1266, "title": "Home"}, "user": {"username": "newuser", "id": 3}}
[23/Feb/2015 01:36:28] INFO [sodata.views:204] {"message": "GET resource", "resource": {"url": null, "id": 1266, "title": "Home"}, "user": {"username": "newuser", "id": 3}}
[23/Feb/2015 01:36:44] INFO [sodata.views:204] {"message": "GET resource", "resource": {"url": null, "id": 1266, "title": "Home"}, "user": {"username": "newuser", "id": 3}}
[23/Feb/2015 01:37:22] INFO [sodata.views:204] {"message": "GET resource", "resource": {"url": null, "id": 1266, "title": "Home"}, "user": {"username": "newuser", "id": 3}}
[23/Feb/2015 01:39:27] INFO [sodata.views:204] {"message": "GET resource", "resource": {"url": null, "id": 1266, "title": "Home"}, "user": {"username": "newuser", "id": 3}}
[23/Feb/2015 01:41:01] INFO [sodata.views:204] {"message": "GET resource", "resource": {"url": null, "id": 1266, "title": "Home"}, "user": {"username": "newuser", "id": 3}}
[23/Feb/2015 01:47:21] INFO [sodata.views:204] {"message": "GET resource", "resource": {"url": null, "id": 1266, "title": "Home"}, "user": {"username": "newuser", "id": 3}}
[23/Feb/2015 01:47:33] INFO [sodata.views:70] {"message": "Invalid registration form data"}
[23/Feb/2015 01:52:46] INFO [sodata.views:70] {"message": "Invalid registration form data"}
[23/Feb/2015 01:54:17] INFO [sodata.views:70] {"message": "Invalid registration form data"}
[23/Feb/2015 01:55:52] INFO [sodata.views:70] {"message": "Invalid registration form data"}
[23/Feb/2015 01:56:39] INFO [sodata.views:70] {"message": "Invalid registration form data"}
[23/Feb/2015 01:58:05] INFO [sodata.views:119] {"message": "Login failure - bad password", "user": "adam"}
[23/Feb/2015 02:06:01] INFO [sodata.views:119] {"message": "Login failure - bad password", "user": "testuser"}
[23/Feb/2015 02:09:20] INFO [sodata.views:119] {"message": "Login failure", "user": "testuser"}
[23/Feb/2015 02:10:38] INFO [sodata.views:119] {"message": "Login failure", "user": "testuser"}
[23/Feb/2015 02:11:08] INFO [sodata.views:119] {"message": "Login failure", "user": "testuser"}
[23/Feb/2015 02:11:14] INFO [sodata.views:119] {"message": "Login failure", "user": "adam"}
[23/Feb/2015 02:11:17] INFO [sodata.views:113] {"message": "Login success", "user": {"username": "adam", "id": 2}}
[23/Feb/2015 02:11:17] INFO [sodata.views:198] {"message": "GET resource", "resource": {"url": null, "id": 1264, "title": "Home"}, "user": {"username": "adam", "id": 2}}
[23/Feb/2015 02:11:34] INFO [sodata.views:70] {"message": "Invalid registration form data"}
[23/Feb/2015 02:12:32] INFO [sodata.views:70] {"message": "Invalid registration form data"}
[23/Feb/2015 02:13:11] INFO [sodata.views:70] {"message": "Invalid registration form data"}
[23/Feb/2015 02:15:21] INFO [sodata.views:113] {"message": "Login success", "user": {"username": "adam", "id": 2}}
[23/Feb/2015 02:15:22] INFO [sodata.views:198] {"message": "GET resource", "resource": {"url": null, "id": 1264, "title": "Home"}, "user": {"username": "adam", "id": 2}}
[23/Feb/2015 02:15:35] INFO [sodata.views:198] {"message": "GET resource", "resource": {"url": "http://en.wikipedia.org/wiki/Software_engineering", "id": 1265, "title": "Software engineering - Wikipedia, the free encyclopedia"}, "user": {"username": "adam", "id": 2}}
[23/Feb/2015 02:16:38] INFO [sodata.views:198] {"message": "GET resource", "resource": {"url": null, "id": 1264, "title": "Home"}, "user": {"username": "adam", "id": 2}}
[23/Feb/2015 02:19:10] INFO [sodata.views:198] {"message": "GET resource", "resource": {"url": null, "id": 1264, "title": "Home"}, "user": {"username": "adam", "id": 2}}
[23/Feb/2015 02:19:18] INFO [sodata.views:198] {"message": "GET resource", "resource": {"url": "http://en.wikipedia.org/wiki/Software_engineering", "id": 1265, "title": "Software engineering - Wikipedia, the free encyclopedia"}, "user": {"username": "adam", "id": 2}}
[23/Feb/2015 02:20:48] INFO [sodata.views:198] {"message": "GET resource", "resource": {"url": "http://en.wikipedia.org/wiki/Software_engineering", "id": 1265, "title": "Software engineering - Wikipedia, the free encyclopedia"}, "user": {"username": "adam", "id": 2}}
[23/Feb/2015 16:31:24] INFO [sodata.views:198] {"message": "GET resource", "resource": {"url": null, "id": 1264, "title": "Home"}, "user": {"username": "adam", "id": 2}}
[23/Feb/2015 16:36:59] INFO [sodata.views:113] {"message": "Login success", "user": {"username": "adam", "id": 1}}
[23/Feb/2015 16:58:54] INFO [sodata.views:198] {"message": "GET resource", "resource": {"url": null, "id": 1, "title": "Home"}, "user": {"username": "adam", "id": 1}}
[23/Feb/2015 19:03:53] INFO [sodata.views:113] {"message": "Login success", "user": {"username": "adam", "id": 2}}
[23/Feb/2015 19:03:54] INFO [sodata.views:198] {"message": "GET resource", "resource": {"url": null, "id": 1264, "title": "Home"}, "user": {"username": "adam", "id": 2}}
[23/Feb/2015 19:04:10] INFO [sodata.views:113] {"message": "Login success", "user": {"username": "newuser", "id": 3}}
[23/Feb/2015 19:04:10] INFO [sodata.views:198] {"message": "GET resource", "resource": {"url": null, "id": 1266, "title": "Home"}, "user": {"username": "newuser", "id": 3}}
[23/Feb/2015 19:04:14] INFO [sodata.views:198] {"message": "GET resource", "resource": {"url": null, "id": 1270, "title": "Acorn Academy App"}, "user": {"username": "newuser", "id": 3}}
[24/Feb/2015 18:56:25] INFO [sodata.views:198] {"message": "GET resource", "resource": {"url": null, "id": 1266, "title": "Home"}, "user": {"username": "newuser", "id": 3}}
[24/Feb/2015 18:57:22] INFO [sodata.views:113] {"message": "Login success", "user": {"username": "adam", "id": 2}}
[24/Feb/2015 18:57:23] INFO [sodata.views:198] {"message": "GET resource", "resource": {"url": null, "id": 1264, "title": "Home"}, "user": {"username": "adam", "id": 2}}
[24/Feb/2015 18:57:39] INFO [sodata.views:514] {"message": "DELETE relation", "relation": {"parent_resource": {"url": null, "id": 1264, "title": "Home"}, "child_resource": {"url": "http://en.wikipedia.org/wiki/Software_engineering", "id": 1265, "title": "Software engineering - Wikipedia, the free encyclopedia"}}, "user": {"username": "adam", "id": 2}}
[25/Feb/2015 16:03:44] INFO [sodata.views:198] {"message": "GET resource", "resource": {"url": null, "id": 1264, "title": "Home"}, "user": {"username": "adam", "id": 2}}
[25/Feb/2015 16:05:18] INFO [sodata.views:277] {"parent_resource": {"url": null, "id": 1264, "title": "Home"}, "message": "CREATE resource", "resource": {"url": "http://marketingland.com/edgerank-is-dead-facebooks-news-feed-algorithm-now-has-close-to-100k-weight-factors-55908", "id": 1283, "title": "EdgeRank Is Dead: Facebook's News Feed Algorithm Now Has Close To 100K Weight Factors"}, "user": {"username": "adam", "id": 2}}
[25/Feb/2015 16:05:18] INFO [sodata.views:198] {"message": "GET resource", "resource": {"url": null, "id": 1264, "title": "Home"}, "user": {"username": "adam", "id": 2}}
[25/Feb/2015 16:16:34] INFO [sodata.views:198] {"message": "GET resource", "resource": {"url": null, "id": 1264, "title": "Home"}, "user": {"username": "adam", "id": 2}}
[25/Feb/2015 16:18:18] INFO [sodata.views:277] {"parent_resource": {"url": null, "id": 1264, "title": "Home"}, "message": "CREATE resource", "resource": {"url": null, "id": 1284, "title": "Todo - add tags"}, "user": {"username": "adam", "id": 2}}
[25/Feb/2015 16:18:19] INFO [sodata.views:198] {"message": "GET resource", "resource": {"url": null, "id": 1264, "title": "Home"}, "user": {"username": "adam", "id": 2}}
[25/Feb/2015 16:18:36] INFO [sodata.views:277] {"parent_resource": {"url": null, "id": 1264, "title": "Home"}, "message": "CREATE resource", "resource": {"url": null, "id": 1285, "title": "Ruby"}, "user": {"username": "adam", "id": 2}}
[25/Feb/2015 16:18:36] INFO [sodata.views:198] {"message": "GET resource", "resource": {"url": null, "id": 1264, "title": "Home"}, "user": {"username": "adam", "id": 2}}
[25/Feb/2015 16:18:38] INFO [sodata.views:198] {"message": "GET resource", "resource": {"url": null, "id": 1285, "title": "Ruby"}, "user": {"username": "adam", "id": 2}}
[25/Feb/2015 16:21:27] INFO [sodata.views:198] {"message": "GET resource", "resource": {"url": null, "id": 1285, "title": "Ruby"}, "user": {"username": "adam", "id": 2}}
[25/Feb/2015 16:22:46] INFO [sodata.views:198] {"message": "GET resource", "resource": {"url": null, "id": 1285, "title": "Ruby"}, "user": {"username": "adam", "id": 2}}
[25/Feb/2015 16:23:58] INFO [sodata.views:198] {"message": "GET resource", "resource": {"url": null, "id": 1285, "title": "Ruby"}, "user": {"username": "adam", "id": 2}}
[25/Feb/2015 16:24:48] INFO [sodata.views:198] {"message": "GET resource", "resource": {"url": null, "id": 1285, "title": "Ruby"}, "user": {"username": "adam", "id": 2}}
[25/Feb/2015 16:25:41] INFO [sodata.views:198] {"message": "GET resource", "resource": {"url": null, "id": 1285, "title": "Ruby"}, "user": {"username": "adam", "id": 2}}
[25/Feb/2015 16:25:50] INFO [sodata.views:198] {"message": "GET resource", "resource": {"url": null, "id": 1285, "title": "Ruby"}, "user": {"username": "adam", "id": 2}}
[25/Feb/2015 16:26:05] INFO [sodata.views:198] {"message": "GET resource", "resource": {"url": null, "id": 1285, "title": "Ruby"}, "user": {"username": "adam", "id": 2}}
[25/Feb/2015 16:26:41] INFO [sodata.views:198] {"message": "GET resource", "resource": {"url": null, "id": 1285, "title": "Ruby"}, "user": {"username": "adam", "id": 2}}
[25/Feb/2015 16:27:43] INFO [sodata.views:198] {"message": "GET resource", "resource": {"url": null, "id": 1285, "title": "Ruby"}, "user": {"username": "adam", "id": 2}}
[25/Feb/2015 16:34:56] INFO [sodata.views:198] {"message": "GET resource", "resource": {"url": null, "id": 1285, "title": "Ruby"}, "user": {"username": "adam", "id": 2}}
[25/Feb/2015 16:35:03] INFO [sodata.views:198] {"message": "GET resource", "resource": {"url": null, "id": 1264, "title": "Home"}, "user": {"username": "adam", "id": 2}}
[25/Feb/2015 16:35:21] INFO [sodata.views:198] {"message": "GET resource", "resource": {"url": null, "id": 1264, "title": "Home"}, "user": {"username": "adam", "id": 2}}
[25/Feb/2015 16:36:26] INFO [sodata.views:198] {"message": "GET resource", "resource": {"url": null, "id": 1264, "title": "Home"}, "user": {"username": "adam", "id": 2}}
[25/Feb/2015 16:37:25] INFO [sodata.views:198] {"message": "GET resource", "resource": {"url": null, "id": 1284, "title": "Todo - add tags"}, "user": {"username": "adam", "id": 2}}
[27/Feb/2015 16:24:27] INFO [sodata.views:198] {"message": "GET resource", "resource": {"url": null, "id": 1264, "title": "Home"}, "user": {"username": "adam", "id": 2}}
[27/Feb/2015 16:25:34] INFO [sodata.views:277] {"parent_resource": {"url": null, "id": 1264, "title": "Home"}, "message": "CREATE resource", "resource": {"url": null, "id": 1286, "title": "Seed data apis and datasets"}, "user": {"username": "adam", "id": 2}}
[27/Feb/2015 16:25:34] INFO [sodata.views:198] {"message": "GET resource", "resource": {"url": null, "id": 1264, "title": "Home"}, "user": {"username": "adam", "id": 2}}
[27/Feb/2015 16:25:37] INFO [sodata.views:198] {"message": "GET resource", "resource": {"url": null, "id": 1286, "title": "Seed data apis and datasets"}, "user": {"username": "adam", "id": 2}}
[27/Feb/2015 16:25:46] INFO [sodata.views:277] {"parent_resource": {"url": null, "id": 1286, "title": "Seed data apis and datasets"}, "message": "CREATE resource", "resource": {"url": "http://www.mediawiki.org/wiki/Manual:Pywikibot/Wikidata", "id": 1287, "title": "Manual:Pywikibot/Wikidata - MediaWiki"}, "user": {"username": "adam", "id": 2}}
[27/Feb/2015 16:25:47] INFO [sodata.views:198] {"message": "GET resource", "resource": {"url": null, "id": 1286, "title": "Seed data apis and datasets"}, "user": {"username": "adam", "id": 2}}
[27/Feb/2015 16:25:50] INFO [sodata.views:198] {"message": "GET resource", "resource": {"url": null, "id": 1286, "title": "Seed data apis and datasets"}, "user": {"username": "adam", "id": 2}}
[27/Feb/2015 16:26:11] INFO [sodata.views:277] {"parent_resource": {"url": null, "id": 1286, "title": "Seed data apis and datasets"}, "message": "CREATE resource", "resource": {"url": "http://notconfusing.com/3-ways-to-access-wikidata-data-until-it-can-be-done-properly/", "id": 1288, "title": "3 Ways To Access Wikidata Data: Python, Dumps, and Linked Data | notconfusing"}, "user": {"username": "adam", "id": 2}}
[27/Feb/2015 16:26:12] INFO [sodata.views:198] {"message": "GET resource", "resource": {"url": null, "id": 1286, "title": "Seed data apis and datasets"}, "user": {"username": "adam", "id": 2}}
[27/Feb/2015 16:26:25] INFO [sodata.views:536] {"query": "wikipedia dataset", "message": "Search resources", "user": {"username": "adam", "id": 2}}
[27/Feb/2015 16:26:46] INFO [sodata.views:198] {"message": "GET resource", "resource": {"url": null, "id": 1264, "title": "Home"}, "user": {"username": "adam", "id": 2}}
[27/Feb/2015 16:26:49] INFO [sodata.views:198] {"message": "GET resource", "resource": {"url": null, "id": 1286, "title": "Seed data apis and datasets"}, "user": {"username": "adam", "id": 2}}
[27/Feb/2015 16:26:53] INFO [sodata.views:277] {"parent_resource": {"url": null, "id": 1286, "title": "Seed data apis and datasets"}, "message": "CREATE resource", "resource": {"url": "http://www.wikidata.org/wiki/Wikidata:Database_download", "id": 1289, "title": "Wikidata:Database download - Wikidata"}, "user": {"username": "adam", "id": 2}}
[27/Feb/2015 16:26:53] INFO [sodata.views:198] {"message": "GET resource", "resource": {"url": null, "id": 1286, "title": "Seed data apis and datasets"}, "user": {"username": "adam", "id": 2}}
[27/Feb/2015 16:38:03] INFO [sodata.views:277] {"parent_resource": {"url": null, "id": 1286, "title": "Seed data apis and datasets"}, "message": "CREATE resource", "resource": {"url": "https://developers.google.com/freebase/data", "id": 1290, "title": "Data Dumps - Freebase API \u2014 Google Developers"}, "user": {"username": "adam", "id": 2}}
[27/Feb/2015 16:38:03] INFO [sodata.views:198] {"message": "GET resource", "resource": {"url": null, "id": 1286, "title": "Seed data apis and datasets"}, "user": {"username": "adam", "id": 2}}
[27/Feb/2015 17:45:41] INFO [sodata.views:198] {"message": "GET resource", "resource": {"url": null, "id": 1264, "title": "Home"}, "user": {"username": "adam", "id": 2}}
[27/Feb/2015 17:46:22] INFO [sodata.views:277] {"parent_resource": {"url": null, "id": 1264, "title": "Home"}, "message": "CREATE resource", "resource": {"url": null, "id": 1291, "title": "Apache"}, "user": {"username": "adam", "id": 2}}
[27/Feb/2015 17:46:22] INFO [sodata.views:198] {"message": "GET resource", "resource": {"url": null, "id": 1264, "title": "Home"}, "user": {"username": "adam", "id": 2}}
[27/Feb/2015 17:46:24] INFO [sodata.views:198] {"message": "GET resource", "resource": {"url": null, "id": 1291, "title": "Apache"}, "user": {"username": "adam", "id": 2}}
[27/Feb/2015 17:46:35] INFO [sodata.views:277] {"parent_resource": {"url": null, "id": 1291, "title": "Apache"}, "message": "CREATE resource", "resource": {"url": "https://docs.djangoproject.com/en/1.3/howto/deployment/modwsgi/", "id": 1292, "title": "How to use Django with Apache and mod_wsgi | Django documentation | Django"}, "user": {"username": "adam", "id": 2}}
[27/Feb/2015 17:46:35] INFO [sodata.views:198] {"message": "GET resource", "resource": {"url": null, "id": 1291, "title": "Apache"}, "user": {"username": "adam", "id": 2}}
[27/Feb/2015 17:46:45] INFO [sodata.views:277] {"parent_resource": {"url": null, "id": 1291, "title": "Apache"}, "message": "CREATE resource", "resource": {"url": "http://www.servermom.org/complete-newbie-guide-to-build-centos-server-to-host-websites/", "id": 1293, "title": "www.servermom.org/complete-newbie-guide-to-build-centos-server-to-host-websites/"}, "user": {"username": "adam", "id": 2}}
[27/Feb/2015 17:46:46] INFO [sodata.views:198] {"message": "GET resource", "resource": {"url": null, "id": 1291, "title": "Apache"}, "user": {"username": "adam", "id": 2}}
[27/Feb/2015 17:46:48] INFO [sodata.views:198] {"message": "GET resource", "resource": {"url": null, "id": 1264, "title": "Home"}, "user": {"username": "adam", "id": 2}}
[27/Feb/2015 18:49:59] INFO [sodata.views:198] {"message": "GET resource", "resource": {"url": null, "id": 1291, "title": "Apache"}, "user": {"username": "adam", "id": 2}}
[27/Feb/2015 23:03:26] INFO [sodata.views:198] {"message": "GET resource", "resource": {"url": null, "id": 1264, "title": "Home"}, "user": {"username": "adam", "id": 2}}
[27/Feb/2015 23:03:47] INFO [sodata.views:198] {"message": "GET resource", "resource": {"url": "http://en.wikipedia.org/wiki/Category:Information visualization experts", "id": 804, "title": "Information visualization experts"}, "user": {"username": "adam", "id": 2}}
[27/Feb/2015 23:03:48] INFO [sodata.views:198] {"message": "GET resource", "resource": {"url": null, "id": 1264, "title": "Home"}, "user": {"username": "adam", "id": 2}}
[27/Feb/2015 23:04:23] INFO [sodata.views:198] {"message": "GET resource", "resource": {"url": null, "id": 1264, "title": "Home"}, "user": {"username": "adam", "id": 2}}
[27/Feb/2015 23:04:49] INFO [sodata.views:198] {"message": "GET resource", "resource": {"url": null, "id": 1264, "title": "Home"}, "user": {"username": "adam", "id": 2}}
[27/Feb/2015 23:05:24] INFO [sodata.views:198] {"message": "GET resource", "resource": {"url": null, "id": 1264, "title": "Home"}, "user": {"username": "adam", "id": 2}}
[27/Feb/2015 23:07:10] INFO [sodata.views:198] {"message": "GET resource", "resource": {"url": null, "id": 1264, "title": "Home"}, "user": {"username": "adam", "id": 2}}
[27/Feb/2015 23:07:17] INFO [sodata.views:277] {"parent_resource": {"url": null, "id": 1264, "title": "Home"}, "message": "CREATE resource", "resource": {"url": null, "id": 1294, "title": "Git"}, "user": {"username": "adam", "id": 2}}
[27/Feb/2015 23:07:17] INFO [sodata.views:198] {"message": "GET resource", "resource": {"url": null, "id": 1264, "title": "Home"}, "user": {"username": "adam", "id": 2}}
[27/Feb/2015 23:07:20] INFO [sodata.views:198] {"message": "GET resource", "resource": {"url": null, "id": 1294, "title": "Git"}, "user": {"username": "adam", "id": 2}}
[27/Feb/2015 23:07:25] INFO [sodata.views:277] {"parent_resource": {"url": null, "id": 1294, "title": "Git"}, "message": "CREATE resource", "resource": {"url": "http://stackoverflow.com/questions/52704/how-do-you-discard-unstaged-changes-in-git", "id": 1295, "title": "How do you discard unstaged changes in git? - Stack Overflow"}, "user": {"username": "adam", "id": 2}}
[27/Feb/2015 23:07:25] INFO [sodata.views:198] {"message": "GET resource", "resource": {"url": null, "id": 1294, "title": "Git"}, "user": {"username": "adam", "id": 2}}
[27/Feb/2015 23:07:27] INFO [sodata.views:198] {"message": "GET resource", "resource": {"url": null, "id": 1264, "title": "Home"}, "user": {"username": "adam", "id": 2}}
[27/Feb/2015 23:10:06] INFO [sodata.views:198] {"message": "GET resource", "resource": {"url": null, "id": 1291, "title": "Apache"}, "user": {"username": "adam", "id": 2}}
[27/Feb/2015 23:10:09] INFO [sodata.views:277] {"parent_resource": {"url": null, "id": 1291, "title": "Apache"}, "message": "CREATE resource", "resource": {"url": "https://www.digitalocean.com/community/tutorials/how-to-run-django-with-mod_wsgi-and-apache-with-a-virtualenv-python-environment-on-a-debian-vps", "id": 1296, "title": "www.digitalocean.com/community/tutorials/how-to-run-django-with-mod_wsgi-and-apache-with-a-virtualenv-python-environment-on-a-debian-vps"}, "user": {"username": "adam", "id": 2}}
[27/Feb/2015 23:10:10] INFO [sodata.views:198] {"message": "GET resource", "resource": {"url": null, "id": 1291, "title": "Apache"}, "user": {"username": "adam", "id": 2}}
[27/Feb/2015 23:10:24] INFO [sodata.views:277] {"parent_resource": {"url": null, "id": 1291, "title": "Apache"}, "message": "CREATE resource", "resource": {"url": "http://itekblog.com/django-centos-6-4/#OPTION_A_Install_mod_python_NOT_recommended", "id": 1297, "title": "Django CentOS 6.4 noobs installation instructions."}, "user": {"username": "adam", "id": 2}}
[27/Feb/2015 23:10:24] INFO [sodata.views:198] {"message": "GET resource", "resource": {"url": null, "id": 1291, "title": "Apache"}, "user": {"username": "adam", "id": 2}}
[27/Feb/2015 23:10:47] INFO [sodata.views:277] {"parent_resource": {"url": null, "id": 1291, "title": "Apache"}, "message": "CREATE resource", "resource": {"url": "https://code.djangoproject.com/wiki/django_apache_and_mod_wsgi", "id": 1298, "title": "django_apache_and_mod_wsgi \u2013 Django"}, "user": {"username": "adam", "id": 2}}
[27/Feb/2015 23:10:47] INFO [sodata.views:198] {"message": "GET resource", "resource": {"url": null, "id": 1291, "title": "Apache"}, "user": {"username": "adam", "id": 2}}
[27/Feb/2015 23:14:07] INFO [sodata.views:198] {"message": "GET resource", "resource": {"url": null, "id": 1264, "title": "Home"}, "user": {"username": "adam", "id": 2}}
[27/Feb/2015 23:14:13] INFO [sodata.views:277] {"parent_resource": {"url": null, "id": 1264, "title": "Home"}, "message": "CREATE resource", "resource": {"url": null, "id": 1299, "title": "Django "}, "user": {"username": "adam", "id": 2}}
[27/Feb/2015 23:14:13] INFO [sodata.views:198] {"message": "GET resource", "resource": {"url": null, "id": 1264, "title": "Home"}, "user": {"username": "adam", "id": 2}}
[27/Feb/2015 23:14:15] INFO [sodata.views:198] {"message": "GET resource", "resource": {"url": null, "id": 1299, "title": "Django "}, "user": {"username": "adam", "id": 2}}
[27/Feb/2015 23:14:20] INFO [sodata.views:277] {"parent_resource": {"url": null, "id": 1299, "title": "Django "}, "message": "CREATE resource", "resource": {"url": null, "id": 1300, "title": "Filtering"}, "user": {"username": "adam", "id": 2}}
[27/Feb/2015 23:14:20] INFO [sodata.views:198] {"message": "GET resource", "resource": {"url": null, "id": 1299, "title": "Django "}, "user": {"username": "adam", "id": 2}}
[27/Feb/2015 23:14:21] INFO [sodata.views:198] {"message": "GET resource", "resource": {"url": null, "id": 1300, "title": "Filtering"}, "user": {"username": "adam", "id": 2}}
[27/Feb/2015 23:14:27] INFO [sodata.views:277] {"parent_resource": {"url": null, "id": 1300, "title": "Filtering"}, "message": "CREATE resource", "resource": {"url": "http://stackoverflow.com/questions/12314168/django-filter-on-the-basis-of-text-length", "id": 1301, "title": "django filter on the basis of text length - Stack Overflow"}, "user": {"username": "adam", "id": 2}}
[27/Feb/2015 23:14:27] INFO [sodata.views:198] {"message": "GET resource", "resource": {"url": null, "id": 1300, "title": "Filtering"}, "user": {"username": "adam", "id": 2}}
[27/Feb/2015 23:14:39] INFO [sodata.views:451] {"message": "CREATE relation", "relation": {"parent_resource": {"url": null, "id": 1300, "title": "Filtering"}, "child_resource": {"url": "https://docs.djangoproject.com/en/1.3/howto/deployment/modwsgi/", "id": 1292, "title": "How to use Django with Apache and mod_wsgi | Django documentation | Django"}}, "user": {"username": "adam", "id": 2}}
[27/Feb/2015 23:14:40] INFO [sodata.views:198] {"message": "GET resource", "resource": {"url": null, "id": 1300, "title": "Filtering"}, "user": {"username": "adam", "id": 2}}
[27/Feb/2015 23:14:52] INFO [sodata.views:198] {"message": "GET resource", "resource": {"url": null, "id": 1264, "title": "Home"}, "user": {"username": "adam", "id": 2}}
[27/Feb/2015 23:14:56] INFO [sodata.views:198] {"message": "GET resource", "resource": {"url": null, "id": 1299, "title": "Django "}, "user": {"username": "adam", "id": 2}}
[27/Feb/2015 23:15:04] INFO [sodata.views:198] {"message": "GET resource", "resource": {"url": null, "id": 1299, "title": "Django "}, "user": {"username": "adam", "id": 2}}
[27/Feb/2015 23:15:05] INFO [sodata.views:198] {"message": "GET resource", "resource": {"url": null, "id": 1300, "title": "Filtering"}, "user": {"username": "adam", "id": 2}}
[27/Feb/2015 23:15:13] INFO [sodata.views:451] {"message": "CREATE relation", "relation": {"parent_resource": {"url": null, "id": 1299, "title": "Django "}, "child_resource": {"url": "https://docs.djangoproject.com/en/1.3/howto/deployment/modwsgi/", "id": 1292, "title": "How to use Django with Apache and mod_wsgi | Django documentation | Django"}}, "user": {"username": "adam", "id": 2}}
[27/Feb/2015 23:15:14] INFO [sodata.views:198] {"message": "GET resource", "resource": {"url": null, "id": 1299, "title": "Django "}, "user": {"username": "adam", "id": 2}}
[27/Feb/2015 23:15:18] INFO [sodata.views:514] {"message": "DELETE relation", "relation": {"parent_resource": {"url": null, "id": 1300, "title": "Filtering"}, "child_resource": {"url": "https://docs.djangoproject.com/en/1.3/howto/deployment/modwsgi/", "id": 1292, "title": "How to use Django with Apache and mod_wsgi | Django documentation | Django"}}, "user": {"username": "adam", "id": 2}}
[27/Feb/2015 23:15:19] INFO [sodata.views:198] {"message": "GET resource", "resource": {"url": null, "id": 1264, "title": "Home"}, "user": {"username": "adam", "id": 2}}
[27/Feb/2015 23:15:20] INFO [sodata.views:198] {"message": "GET resource", "resource": {"url": null, "id": 1299, "title": "Django "}, "user": {"username": "adam", "id": 2}}
[27/Feb/2015 23:16:07] INFO [sodata.views:198] {"message": "GET resource", "resource": {"url": null, "id": 1264, "title": "Home"}, "user": {"username": "adam", "id": 2}}
[27/Feb/2015 23:16:17] INFO [sodata.views:277] {"parent_resource": {"url": null, "id": 1264, "title": "Home"}, "message": "CREATE resource", "resource": {"url": null, "id": 1302, "title": "Data Science with Python"}, "user": {"username": "adam", "id": 2}}
[27/Feb/2015 23:16:17] INFO [sodata.views:198] {"message": "GET resource", "resource": {"url": null, "id": 1264, "title": "Home"}, "user": {"username": "adam", "id": 2}}
[27/Feb/2015 23:16:19] INFO [sodata.views:198] {"message": "GET resource", "resource": {"url": null, "id": 1302, "title": "Data Science with Python"}, "user": {"username": "adam", "id": 2}}
[27/Feb/2015 23:16:40] INFO [sodata.views:277] {"parent_resource": {"url": null, "id": 1302, "title": "Data Science with Python"}, "message": "CREATE resource", "resource": {"url": "http://nbviewer.ipython.org/github/mwaskom/seaborn/blob/master/examples/plotting_distributions.ipynb", "id": 1303, "title": "Plotting distributions using matplotlib"}, "user": {"username": "adam", "id": 2}}
[27/Feb/2015 23:16:40] INFO [sodata.views:198] {"message": "GET resource", "resource": {"url": null, "id": 1302, "title": "Data Science with Python"}, "user": {"username": "adam", "id": 2}}
[27/Feb/2015 23:16:49] INFO [sodata.views:198] {"message": "GET resource", "resource": {"url": null, "id": 1264, "title": "Home"}, "user": {"username": "adam", "id": 2}}
[27/Feb/2015 23:17:06] INFO [sodata.views:411] {"message": "DELETE resource", "resource": {"url": null, "id": 1284, "title": "Todo - add tags"}, "user": {"username": "adam", "id": 2}}
[27/Feb/2015 23:17:06] INFO [sodata.views:198] {"message": "GET resource", "resource": {"url": null, "id": 1264, "title": "Home"}, "user": {"username": "adam", "id": 2}}
[28/Feb/2015 16:13:39] INFO [sodata.views:198] {"message": "GET resource", "resource": {"url": null, "id": 1264, "title": "Home"}, "user": {"username": "adam", "id": 2}}
[28/Feb/2015 16:13:43] INFO [sodata.views:198] {"message": "GET resource", "resource": {"url": null, "id": 1294, "title": "Git"}, "user": {"username": "adam", "id": 2}}
[28/Feb/2015 16:13:47] INFO [sodata.views:277] {"parent_resource": {"url": null, "id": 1294, "title": "Git"}, "message": "CREATE resource", "resource": {"url": "https://www.digitalocean.com/community/tutorials/how-to-set-up-automatic-deployment-with-git-with-a-vps", "id": 1304, "title": "www.digitalocean.com/community/tutorials/how-to-set-up-automatic-deployment-with-git-with-a-vps"}, "user": {"username": "adam", "id": 2}}
[28/Feb/2015 16:13:48] INFO [sodata.views:198] {"message": "GET resource", "resource": {"url": null, "id": 1294, "title": "Git"}, "user": {"username": "adam", "id": 2}}
[28/Feb/2015 21:09:36] INFO [sodata.views:198] {"message": "GET resource", "resource": {"url": null, "id": 1264, "title": "Home"}, "user": {"username": "adam", "id": 2}}
[28/Feb/2015 21:09:39] INFO [sodata.views:198] {"message": "GET resource", "resource": {"url": null, "id": 1291, "title": "Apache"}, "user": {"username": "adam", "id": 2}}
[28/Feb/2015 21:10:19] INFO [sodata.views:277] {"parent_resource": {"url": null, "id": 1291, "title": "Apache"}, "message": "CREATE resource", "resource": {"url": "http://blog.codonomics.com/2011/04/how-to-disable-gnome-ssh-askpass.html", "id": 1305, "title": "Fixed git push with this article"}, "user": {"username": "adam", "id": 2}}
[28/Feb/2015 21:10:19] INFO [sodata.views:198] {"message": "GET resource", "resource": {"url": null, "id": 1291, "title": "Apache"}, "user": {"username": "adam", "id": 2}}
[01/Mar/2015 18:17:36] INFO [sodata.views:198] {"message": "GET resource", "resource": {"url": null, "id": 1264, "title": "Home"}, "user": {"username": "adam", "id": 2}}
[01/Mar/2015 18:18:07] INFO [sodata.views:198] {"message": "GET resource", "resource": {"url": null, "id": 1264, "title": "Home"}, "user": {"username": "adam", "id": 2}}
[01/Mar/2015 22:15:41] INFO [sodata.views:197] {"message": "GET resource", "resource": {"url": null, "id": 1264, "title": "Home"}, "user": {"username": "adam", "id": 2}}
[01/Mar/2015 22:15:49] INFO [sodata.views:276] {"parent_resource": {"url": null, "id": 1264, "title": "Home"}, "message": "CREATE resource", "resource": {"url": "http://stackoverflow.com/questions/13337571/django-documentation-says-ensure-that-django-has-permission-to-create-and-alt", "id": 1306, "title": "Postgres"}, "user": {"username": "adam", "id": 2}}
[01/Mar/2015 22:15:49] INFO [sodata.views:197] {"message": "GET resource", "resource": {"url": null, "id": 1264, "title": "Home"}, "user": {"username": "adam", "id": 2}}
[02/Mar/2015 01:48:40] INFO [sodata.views:124] {"message": "Login success", "user": {"username": "unarmed-tripod", "id": 10}}
[02/Mar/2015 01:48:41] INFO [sodata.views:209] {"message": "GET resource", "resource": {"url": null, "id": 1313, "title": "Home"}, "user": {"username": "unarmed-tripod", "id": 10}}
[02/Mar/2015 01:49:49] INFO [sodata.views:462] {"message": "CREATE relation", "relation": {"parent_resource": {"url": null, "id": 1313, "title": "Home"}, "child_resource": {"url": "http://en.wikipedia.org/wiki/Category:Software engineering", "id": 1095, "title": "Software engineering"}}, "user": {"username": "unarmed-tripod", "id": 10}}
[02/Mar/2015 01:49:49] INFO [sodata.views:209] {"message": "GET resource", "resource": {"url": null, "id": 1313, "title": "Home"}, "user": {"username": "unarmed-tripod", "id": 10}}
[02/Mar/2015 01:50:15] INFO [sodata.views:124] {"message": "Login success", "user": {"username": "imperialist-mammal", "id": 4}}
[02/Mar/2015 01:50:15] INFO [sodata.views:209] {"message": "GET resource", "resource": {"url": null, "id": 1307, "title": "Home"}, "user": {"username": "imperialist-mammal", "id": 4}}
[02/Mar/2015 01:50:22] INFO [sodata.views:462] {"message": "CREATE relation", "relation": {"parent_resource": {"url": null, "id": 1307, "title": "Home"}, "child_resource": {"url": "https://github.com/publify/publify", "id": 1272, "title": "Rails Blogging Platform"}}, "user": {"username": "imperialist-mammal", "id": 4}}
[02/Mar/2015 01:50:22] INFO [sodata.views:209] {"message": "GET resource", "resource": {"url": null, "id": 1307, "title": "Home"}, "user": {"username": "imperialist-mammal", "id": 4}}
[02/Mar/2015 01:51:58] INFO [sodata.views:209] {"message": "GET resource", "resource": {"url": null, "id": 1307, "title": "Home"}, "user": {"username": "imperialist-mammal", "id": 4}}
[02/Mar/2015 01:52:02] INFO [sodata.views:462] {"message": "CREATE relation", "relation": {"parent_resource": {"url": null, "id": 1307, "title": "Home"}, "child_resource": {"url": "http://en.wikipedia.org/wiki/Category:Demo effects", "id": 723, "title": "Demo effects"}}, "user": {"username": "imperialist-mammal", "id": 4}}
[02/Mar/2015 01:52:03] INFO [sodata.views:209] {"message": "GET resource", "resource": {"url": null, "id": 1307, "title": "Home"}, "user": {"username": "imperialist-mammal", "id": 4}}
[02/Mar/2015 01:52:22] INFO [sodata.views:124] {"message": "Login success", "user": {"username": "blue-mammal", "id": 9}}
[02/Mar/2015 01:52:23] INFO [sodata.views:209] {"message": "GET resource", "resource": {"url": null, "id": 1312, "title": "Home"}, "user": {"username": "blue-mammal", "id": 9}}
[02/Mar/2015 01:52:29] INFO [sodata.views:462] {"message": "CREATE relation", "relation": {"parent_resource": {"url": null, "id": 1312, "title": "Home"}, "child_resource": {"url": "https://github.com/publify/publify", "id": 1272, "title": "Rails Blogging Platform"}}, "user": {"username": "blue-mammal", "id": 9}}
[02/Mar/2015 01:52:29] INFO [sodata.views:209] {"message": "GET resource", "resource": {"url": null, "id": 1312, "title": "Home"}, "user": {"username": "blue-mammal", "id": 9}}
[02/Mar/2015 01:52:31] INFO [sodata.views:209] {"message": "GET resource", "resource": {"url": "https://github.com/publify/publify", "id": 1272, "title": "Rails Blogging Platform"}, "user": {"username": "blue-mammal", "id": 9}}
[02/Mar/2015 01:52:42] INFO [sodata.views:288] {"parent_resource": {"url": "https://github.com/publify/publify", "id": 1272, "title": "Rails Blogging Platform"}, "message": "CREATE resource", "resource": {"url": null, "id": 1317, "title": "Blue Mammal created this!"}, "user": {"username": "blue-mammal", "id": 9}}
[02/Mar/2015 01:52:42] INFO [sodata.views:209] {"message": "GET resource", "resource": {"url": "https://github.com/publify/publify", "id": 1272, "title": "Rails Blogging Platform"}, "user": {"username": "blue-mammal", "id": 9}}
[02/Mar/2015 01:53:02] INFO [sodata.views:124] {"message": "Login success", "user": {"username": "imperialist-mammal", "id": 4}}
[02/Mar/2015 01:53:02] INFO [sodata.views:209] {"message": "GET resource", "resource": {"url": null, "id": 1307, "title": "Home"}, "user": {"username": "imperialist-mammal", "id": 4}}
[02/Mar/2015 01:53:07] INFO [sodata.views:209] {"message": "GET resource", "resource": {"url": "https://github.com/publify/publify", "id": 1272, "title": "Rails Blogging Platform"}, "user": {"username": "imperialist-mammal", "id": 4}}
[02/Mar/2015 01:53:13] INFO [sodata.views:547] {"query": "blue mammal", "message": "Search resources", "user": {"username": "imperialist-mammal", "id": 4}}
[02/Mar/2015 01:53:24] INFO [sodata.views:462] {"message": "CREATE relation", "relation": {"parent_resource": {"url": "https://github.com/publify/publify", "id": 1272, "title": "Rails Blogging Platform"}, "child_resource": {"url": null, "id": 1317, "title": "Blue Mammal created this!"}}, "user": {"username": "imperialist-mammal", "id": 4}}
[02/Mar/2015 01:53:25] INFO [sodata.views:209] {"message": "GET resource", "resource": {"url": "https://github.com/publify/publify", "id": 1272, "title": "Rails Blogging Platform"}, "user": {"username": "imperialist-mammal", "id": 4}}
[02/Mar/2015 01:53:27] INFO [sodata.views:209] {"message": "GET resource", "resource": {"url": null, "id": 1307, "title": "Home"}, "user": {"username": "imperialist-mammal", "id": 4}}
[02/Mar/2015 01:53:35] INFO [sodata.views:124] {"message": "Login success", "user": {"username": "adam", "id": 2}}
[02/Mar/2015 01:53:36] INFO [sodata.views:209] {"message": "GET resource", "resource": {"url": null, "id": 1264, "title": "Home"}, "user": {"username": "adam", "id": 2}}
[02/Mar/2015 01:53:44] INFO [sodata.views:547] {"query": "rails blogging", "message": "Search resources", "user": {"username": "adam", "id": 2}}
[02/Mar/2015 01:53:46] INFO [sodata.views:209] {"message": "GET resource", "resource": {"url": "https://github.com/publify/publify", "id": 1272, "title": "Rails Blogging Platform"}, "user": {"username": "adam", "id": 2}}
[02/Mar/2015 02:15:03] INFO [sodata.views:209] {"message": "GET resource", "resource": {"url": null, "id": 1264, "title": "Home"}, "user": {"username": "adam", "id": 2}}
[02/Mar/2015 02:18:46] INFO [sodata.views:209] {"message": "GET resource", "resource": {"url": null, "id": 1264, "title": "Home"}, "user": {"username": "adam", "id": 2}}
[02/Mar/2015 02:44:23] INFO [sodata.views:209] {"message": "GET resource", "resource": {"url": null, "id": 1264, "title": "Home"}, "user": {"username": "adam", "id": 2}}
[02/Mar/2015 02:45:30] INFO [sodata.views:209] {"message": "GET resource", "resource": {"url": null, "id": 1264, "title": "Home"}, "user": {"username": "adam", "id": 2}}
[02/Mar/2015 02:45:45] INFO [sodata.views:308] {"parent_resource": {"url": null, "id": 1264, "title": "Home"}, "message": "CREATE resource", "resource": {"url": null, "id": 1318, "title": "Testing this resource"}, "user": {"username": "adam", "id": 2}}
[02/Mar/2015 02:45:45] INFO [sodata.views:209] {"message": "GET resource", "resource": {"url": null, "id": 1264, "title": "Home"}, "user": {"username": "adam", "id": 2}}
[02/Mar/2015 02:45:51] INFO [sodata.views:209] {"message": "GET resource", "resource": {"url": null, "id": 1285, "title": "Ruby"}, "user": {"username": "adam", "id": 2}}
[02/Mar/2015 02:46:47] INFO [sodata.views:209] {"message": "GET resource", "resource": {"url": null, "id": 1285, "title": "Ruby"}, "user": {"username": "adam", "id": 2}}
[02/Mar/2015 02:46:49] INFO [sodata.views:209] {"message": "GET resource", "resource": {"url": null, "id": 1264, "title": "Home"}, "user": {"username": "adam", "id": 2}}
[02/Mar/2015 02:46:51] INFO [sodata.views:209] {"message": "GET resource", "resource": {"url": null, "id": 1318, "title": "Testing this resource"}, "user": {"username": "adam", "id": 2}}
[02/Mar/2015 02:46:55] INFO [sodata.views:209] {"message": "GET resource", "resource": {"url": null, "id": 1264, "title": "Home"}, "user": {"username": "adam", "id": 2}}
[02/Mar/2015 02:46:57] INFO [sodata.views:473] {"message": "DELETE resource", "resource": {"url": null, "id": 1318, "title": "Testing this resource"}, "user": {"username": "adam", "id": 2}}
[02/Mar/2015 02:46:58] INFO [sodata.views:209] {"message": "GET resource", "resource": {"url": null, "id": 1264, "title": "Home"}, "user": {"username": "adam", "id": 2}}
[02/Mar/2015 02:47:29] INFO [sodata.views:311] {"parent_resource": {"url": null, "id": 1264, "title": "Home"}, "message": "CREATE resource", "resource": {"url": null, "id": 1319, "title": "test resource"}, "user": {"username": "adam", "id": 2}}
[02/Mar/2015 02:47:29] INFO [sodata.views:209] {"message": "GET resource", "resource": {"url": null, "id": 1264, "title": "Home"}, "user": {"username": "adam", "id": 2}}
[02/Mar/2015 02:47:32] INFO [sodata.views:209] {"message": "GET resource", "resource": {"url": null, "id": 1285, "title": "Ruby"}, "user": {"username": "adam", "id": 2}}
[02/Mar/2015 02:49:27] INFO [sodata.views:209] {"message": "GET resource", "resource": {"url": null, "id": 1264, "title": "Home"}, "user": {"username": "adam", "id": 2}}
[02/Mar/2015 02:49:46] INFO [sodata.views:209] {"message": "GET resource", "resource": {"url": null, "id": 1264, "title": "Home"}, "user": {"username": "adam", "id": 2}}
[02/Mar/2015 02:50:06] INFO [sodata.views:311] {"parent_resource": {"url": null, "id": 1264, "title": "Home"}, "message": "CREATE resource", "resource": {"url": null, "id": 1320, "title": "second test"}, "user": {"username": "adam", "id": 2}}
[02/Mar/2015 02:50:06] INFO [sodata.views:209] {"message": "GET resource", "resource": {"url": null, "id": 1264, "title": "Home"}, "user": {"username": "adam", "id": 2}}
[02/Mar/2015 02:51:37] INFO [sodata.views:209] {"message": "GET resource", "resource": {"url": null, "id": 1264, "title": "Home"}, "user": {"username": "adam", "id": 2}}
[02/Mar/2015 02:53:37] INFO [sodata.views:342] {"message": "CREATE relation", "relation": {"parent_resource": {"url": null, "id": 1285, "title": "Ruby"}, "child_resource": {"url": null, "id": 1322, "title": "Third test"}}, "user": {"username": "adam", "id": 2}}
[02/Mar/2015 02:53:37] INFO [sodata.views:342] {"message": "CREATE relation", "relation": {"parent_resource": {"url": null, "id": 1291, "title": "Apache"}, "child_resource": {"url": null, "id": 1322, "title": "Third test"}}, "user": {"username": "adam", "id": 2}}
[02/Mar/2015 02:53:37] INFO [sodata.views:312] {"parent_resource": {"url": null, "id": 1264, "title": "Home"}, "message": "CREATE resource", "resource": {"url": null, "id": 1322, "title": "Third test"}, "user": {"username": "adam", "id": 2}}
[02/Mar/2015 02:53:38] INFO [sodata.views:209] {"message": "GET resource", "resource": {"url": null, "id": 1264, "title": "Home"}, "user": {"username": "adam", "id": 2}}
[02/Mar/2015 02:53:42] INFO [sodata.views:209] {"message": "GET resource", "resource": {"url": null, "id": 1285, "title": "Ruby"}, "user": {"username": "adam", "id": 2}}
[02/Mar/2015 02:54:04] INFO [sodata.views:335] {"parent_resource": null, "message": "CREATE resource", "resource": {"url": null, "id": 1324, "title": "newtag"}, "user": {"username": "adam", "id": 2}}
[02/Mar/2015 02:54:04] INFO [sodata.views:338] {"message": "CREATE relation", "relation": {"parent_resource": {"url": null, "id": 1264, "title": "Home"}, "child_resource": {"url": null, "id": 1324, "title": "newtag"}}, "user": {"username": "adam", "id": 2}}
[02/Mar/2015 02:54:04] INFO [sodata.views:342] {"message": "CREATE relation", "relation": {"parent_resource": {"url": null, "id": 1324, "title": "newtag"}, "child_resource": {"url": null, "id": 1323, "title": "fourth test"}}, "user": {"username": "adam", "id": 2}}
[02/Mar/2015 02:54:04] INFO [sodata.views:312] {"parent_resource": {"url": null, "id": 1264, "title": "Home"}, "message": "CREATE resource", "resource": {"url": null, "id": 1323, "title": "fourth test"}, "user": {"username": "adam", "id": 2}}
[02/Mar/2015 02:54:04] INFO [sodata.views:209] {"message": "GET resource", "resource": {"url": null, "id": 1264, "title": "Home"}, "user": {"username": "adam", "id": 2}}
[02/Mar/2015 02:54:07] INFO [sodata.views:209] {"message": "GET resource", "resource": {"url": null, "id": 1324, "title": "newtag"}, "user": {"username": "adam", "id": 2}}
[02/Mar/2015 02:54:10] INFO [sodata.views:577] {"message": "DELETE relation", "relation": {"parent_resource": {"url": null, "id": 1264, "title": "Home"}, "child_resource": {"url": null, "id": 1324, "title": "newtag"}}, "user": {"username": "adam", "id": 2}}
[02/Mar/2015 02:54:12] INFO [sodata.views:577] {"message": "DELETE relation", "relation": {"parent_resource": {"url": null, "id": 1264, "title": "Home"}, "child_resource": {"url": null, "id": 1323, "title": "fourth test"}}, "user": {"username": "adam", "id": 2}}
[02/Mar/2015 02:54:13] INFO [sodata.views:577] {"message": "DELETE relation", "relation": {"parent_resource": {"url": null, "id": 1264, "title": "Home"}, "child_resource": {"url": null, "id": 1322, "title": "Third test"}}, "user": {"username": "adam", "id": 2}}
[02/Mar/2015 02:54:13] INFO [sodata.views:577] {"message": "DELETE relation", "relation": {"parent_resource": {"url": null, "id": 1264, "title": "Home"}, "child_resource": {"url": null, "id": 1321, "title": "Third test"}}, "user": {"username": "adam", "id": 2}}
[02/Mar/2015 02:54:14] INFO [sodata.views:577] {"message": "DELETE relation", "relation": {"parent_resource": {"url": null, "id": 1264, "title": "Home"}, "child_resource": {"url": null, "id": 1320, "title": "second test"}}, "user": {"username": "adam", "id": 2}}
[02/Mar/2015 02:54:15] INFO [sodata.views:577] {"message": "DELETE relation", "relation": {"parent_resource": {"url": null, "id": 1264, "title": "Home"}, "child_resource": {"url": null, "id": 1319, "title": "test resource"}}, "user": {"username": "adam", "id": 2}}
[02/Mar/2015 02:54:18] INFO [sodata.views:209] {"message": "GET resource", "resource": {"url": null, "id": 1285, "title": "Ruby"}, "user": {"username": "adam", "id": 2}}
[02/Mar/2015 02:54:21] INFO [sodata.views:474] {"message": "DELETE resource", "resource": {"url": null, "id": 1322, "title": "Third test"}, "user": {"username": "adam", "id": 2}}
[02/Mar/2015 02:54:21] INFO [sodata.views:209] {"message": "GET resource", "resource": {"url": null, "id": 1285, "title": "Ruby"}, "user": {"username": "adam", "id": 2}}
[02/Mar/2015 02:54:23] INFO [sodata.views:209] {"message": "GET resource", "resource": {"url": null, "id": 1264, "title": "Home"}, "user": {"username": "adam", "id": 2}}
[02/Mar/2015 02:55:14] INFO [sodata.views:209] {"message": "GET resource", "resource": {"url": null, "id": 1264, "title": "Home"}, "user": {"username": "adam", "id": 2}}
[02/Mar/2015 02:57:32] INFO [sodata.views:209] {"message": "GET resource", "resource": {"url": null, "id": 1264, "title": "Home"}, "user": {"username": "adam", "id": 2}}
[02/Mar/2015 02:57:41] INFO [sodata.views:209] {"message": "GET resource", "resource": {"url": null, "id": 1264, "title": "Home"}, "user": {"username": "adam", "id": 2}}
[02/Mar/2015 03:02:40] INFO [sodata.views:209] {"message": "GET resource", "resource": {"url": null, "id": 1264, "title": "Home"}, "user": {"username": "adam", "id": 2}}
[02/Mar/2015 03:02:55] INFO [sodata.views:209] {"message": "GET resource", "resource": {"url": null, "id": 1264, "title": "Home"}, "user": {"username": "adam", "id": 2}}
[02/Mar/2015 03:03:23] INFO [sodata.views:209] {"message": "GET resource", "resource": {"url": null, "id": 1264, "title": "Home"}, "user": {"username": "adam", "id": 2}}
[02/Mar/2015 03:03:34] INFO [sodata.views:209] {"message": "GET resource", "resource": {"url": null, "id": 1264, "title": "Home"}, "user": {"username": "adam", "id": 2}}
[02/Mar/2015 03:03:48] INFO [sodata.views:335] {"parent_resource": null, "message": "CREATE resource", "resource": {"url": null, "id": 1326, "title": "ruby"}, "user": {"username": "adam", "id": 2}}
[02/Mar/2015 03:03:48] INFO [sodata.views:338] {"message": "CREATE relation", "relation": {"parent_resource": {"url": null, "id": 1264, "title": "Home"}, "child_resource": {"url": null, "id": 1326, "title": "ruby"}}, "user": {"username": "adam", "id": 2}}
[02/Mar/2015 03:03:48] INFO [sodata.views:342] {"message": "CREATE relation", "relation": {"parent_resource": {"url": null, "id": 1326, "title": "ruby"}, "child_resource": {"url": null, "id": 1325, "title": "testing one more time"}}, "user": {"username": "adam", "id": 2}}
[02/Mar/2015 03:03:48] INFO [sodata.views:312] {"parent_resource": {"url": null, "id": 1264, "title": "Home"}, "message": "CREATE resource", "resource": {"url": null, "id": 1325, "title": "testing one more time"}, "user": {"username": "adam", "id": 2}}
[02/Mar/2015 03:03:48] INFO [sodata.views:209] {"message": "GET resource", "resource": {"url": null, "id": 1264, "title": "Home"}, "user": {"username": "adam", "id": 2}}
[02/Mar/2015 03:05:45] INFO [sodata.views:209] {"message": "GET resource", "resource": {"url": null, "id": 1264, "title": "Home"}, "user": {"username": "adam", "id": 2}}
[02/Mar/2015 03:06:09] INFO [sodata.views:337] {"parent_resource": null, "message": "CREATE resource", "resource": {"url": null, "id": 1328, "title": "rails"}, "user": {"username": "adam", "id": 2}}
[02/Mar/2015 03:06:09] INFO [sodata.views:340] {"message": "CREATE relation", "relation": {"parent_resource": {"url": null, "id": 1264, "title": "Home"}, "child_resource": {"url": null, "id": 1328, "title": "rails"}}, "user": {"username": "adam", "id": 2}}
[02/Mar/2015 03:06:09] INFO [sodata.views:344] {"message": "CREATE relation", "relation": {"parent_resource": {"url": null, "id": 1328, "title": "rails"}, "child_resource": {"url": null, "id": 1327, "title": "testing one more time"}}, "user": {"username": "adam", "id": 2}}
[02/Mar/2015 03:06:09] INFO [sodata.views:312] {"parent_resource": {"url": null, "id": 1264, "title": "Home"}, "message": "CREATE resource", "resource": {"url": null, "id": 1327, "title": "testing one more time"}, "user": {"username": "adam", "id": 2}}
[02/Mar/2015 03:06:10] INFO [sodata.views:209] {"message": "GET resource", "resource": {"url": null, "id": 1264, "title": "Home"}, "user": {"username": "adam", "id": 2}}
[02/Mar/2015 03:06:14] INFO [sodata.views:476] {"message": "DELETE resource", "resource": {"url": null, "id": 1328, "title": "rails"}, "user": {"username": "adam", "id": 2}}
[02/Mar/2015 03:06:14] INFO [sodata.views:209] {"message": "GET resource", "resource": {"url": null, "id": 1264, "title": "Home"}, "user": {"username": "adam", "id": 2}}
[02/Mar/2015 03:06:18] INFO [sodata.views:476] {"message": "DELETE resource", "resource": {"url": null, "id": 1327, "title": "testing one more time"}, "user": {"username": "adam", "id": 2}}
[02/Mar/2015 03:06:19] INFO [sodata.views:209] {"message": "GET resource", "resource": {"url": null, "id": 1264, "title": "Home"}, "user": {"username": "adam", "id": 2}}
[02/Mar/2015 03:06:23] INFO [sodata.views:476] {"message": "DELETE resource", "resource": {"url": null, "id": 1325, "title": "testing one more time"}, "user": {"username": "adam", "id": 2}}
[02/Mar/2015 03:06:23] INFO [sodata.views:209] {"message": "GET resource", "resource": {"url": null, "id": 1264, "title": "Home"}, "user": {"username": "adam", "id": 2}}
[02/Mar/2015 03:06:27] INFO [sodata.views:579] {"message": "DELETE relation", "relation": {"parent_resource": {"url": null, "id": 1264, "title": "Home"}, "child_resource": {"url": null, "id": 1326, "title": "ruby"}}, "user": {"username": "adam", "id": 2}}
[02/Mar/2015 03:06:28] INFO [sodata.views:209] {"message": "GET resource", "resource": {"url": null, "id": 1264, "title": "Home"}, "user": {"username": "adam", "id": 2}}
[02/Mar/2015 03:13:19] INFO [sodata.views:209] {"message": "GET resource", "resource": {"url": null, "id": 1264, "title": "Home"}, "user": {"username": "adam", "id": 2}}
[02/Mar/2015 03:13:45] INFO [sodata.views:337] {"parent_resource": null, "message": "CREATE resource", "resource": {"url": null, "id": 1330, "title": "one"}, "user": {"username": "adam", "id": 2}}
[02/Mar/2015 03:13:45] INFO [sodata.views:340] {"message": "CREATE relation", "relation": {"parent_resource": {"url": null, "id": 1264, "title": "Home"}, "child_resource": {"url": null, "id": 1330, "title": "one"}}, "user": {"username": "adam", "id": 2}}
[02/Mar/2015 03:13:45] INFO [sodata.views:344] {"message": "CREATE relation", "relation": {"parent_resource": {"url": null, "id": 1330, "title": "one"}, "child_resource": {"url": null, "id": 1329, "title": "last testing resources before deployment"}}, "user": {"username": "adam", "id": 2}}
[02/Mar/2015 03:13:45] INFO [sodata.views:344] {"message": "CREATE relation", "relation": {"parent_resource": {"url": null, "id": 1285, "title": "Ruby"}, "child_resource": {"url": null, "id": 1329, "title": "last testing resources before deployment"}}, "user": {"username": "adam", "id": 2}}
[02/Mar/2015 03:13:45] INFO [sodata.views:344] {"message": "CREATE relation", "relation": {"parent_resource": {"url": null, "id": 1291, "title": "Apache"}, "child_resource": {"url": null, "id": 1329, "title": "last testing resources before deployment"}}, "user": {"username": "adam", "id": 2}}
[02/Mar/2015 03:13:45] INFO [sodata.views:344] {"message": "CREATE relation", "relation": {"parent_resource": {"url": null, "id": 1294, "title": "Git"}, "child_resource": {"url": null, "id": 1329, "title": "last testing resources before deployment"}}, "user": {"username": "adam", "id": 2}}
[02/Mar/2015 03:13:45] INFO [sodata.views:344] {"message": "CREATE relation", "relation": {"parent_resource": {"url": "http://en.wikipedia.org/wiki/Category:Algorithms", "id": 276, "title": "Algorithms"}, "child_resource": {"url": null, "id": 1329, "title": "last testing resources before deployment"}}, "user": {"username": "adam", "id": 2}}
[02/Mar/2015 03:13:45] INFO [sodata.views:312] {"parent_resource": {"url": null, "id": 1264, "title": "Home"}, "message": "CREATE resource", "resource": {"url": null, "id": 1329, "title": "last testing resources before deployment"}, "user": {"username": "adam", "id": 2}}
[02/Mar/2015 03:13:45] INFO [sodata.views:209] {"message": "GET resource", "resource": {"url": null, "id": 1264, "title": "Home"}, "user": {"username": "adam", "id": 2}}
